<?xml version="1.0" encoding="UTF-8"?>
<testng-results skipped="0" failed="1" ignored="0" total="3" passed="2">
  <reporter-output>
  </reporter-output>
  <suite name="Default suite" duration-ms="249770" started-at="2019-09-08T15:41:13Z" finished-at="2019-09-08T15:45:23Z">
    <groups>
    </groups>
    <test name="Default test" duration-ms="249770" started-at="2019-09-08T15:41:13Z" finished-at="2019-09-08T15:45:23Z">
      <class name="tiktok.LoginTest">
        <test-method status="PASS" signature="setupAppium()[pri:0, instance:tiktok.LoginTest@1a968a59]" name="setupAppium" is-config="true" duration-ms="14001" started-at="2019-09-08T15:40:59Z" finished-at="2019-09-08T15:41:13Z">
          <reporter-output>
          </reporter-output>
        </test-method> <!-- setupAppium -->
        <test-method status="PASS" signature="launchTikTok()[pri:1, instance:tiktok.LoginTest@1a968a59]" name="launchTikTok" duration-ms="3877" started-at="2019-09-08T15:41:13Z" finished-at="2019-09-08T15:41:17Z">
          <reporter-output>
          </reporter-output>
        </test-method> <!-- launchTikTok -->
        <test-method status="PASS" signature="login()[pri:2, instance:tiktok.LoginTest@1a968a59]" name="login" duration-ms="95399" started-at="2019-09-08T15:41:17Z" finished-at="2019-09-08T15:42:52Z">
          <reporter-output>
          </reporter-output>
        </test-method> <!-- login -->
        <test-method status="FAIL" signature="liking()[pri:3, instance:tiktok.LoginTest@1a968a59]" name="liking" duration-ms="150468" started-at="2019-09-08T15:42:52Z" finished-at="2019-09-08T15:45:23Z">
          <exception class="org.openqa.selenium.NoSuchElementException">
            <message>
              <![CDATA[An element could not be located on the page using the given search parameters.
For documentation on this error, please visit: https://www.seleniumhq.org/exceptions/no_such_element.html
Build info: version: '4.0.0-alpha-1', revision: 'd1d3728cae', time: '2019-04-24T13:42:21'
System info: host: 'DESKTOP-B0GBAAT', ip: '169.254.250.54', os.name: 'Windows 10', os.arch: 'amd64', os.version: '10.0', java.version: '1.8.0_191'
Driver info: io.appium.java_client.android.AndroidDriver
Capabilities {appActivity: com.ss.android.ugc.aweme.sp..., appPackage: com.zhiliaoapp.musically, automationName: uiAutomator2, databaseEnabled: false, desired: {appActivity: com.ss.android.ugc.aweme.sp..., appPackage: com.zhiliaoapp.musically, automationName: uiAutomator2, deviceName: emulator-5554, newCommandTimeout: 60, noReset: true, platformName: android}, deviceApiLevel: 25, deviceManufacturer: OnePlus, deviceModel: ONEPLUS A3010, deviceName: emulator-5554, deviceScreenDensity: 240, deviceScreenSize: 900x1600, deviceUDID: emulator-5554, javascriptEnabled: true, locationContextEnabled: false, networkConnectionEnabled: true, newCommandTimeout: 60, noReset: true, pixelRatio: 1.5, platform: LINUX, platformName: Android, platformVersion: 7.1.1, statBarHeight: 36, takesScreenshot: true, viewportRect: {height: 1564, left: 0, top: 36, width: 900}, warnings: {}, webStorageEnabled: false}
Session ID: abf74ca9-6af3-4715-a731-efc13071e5f4
*** Element info: {Using=xpath, value=//android.widget.ImageView[@bounds='[0,1599][900,1600]']}]]>
            </message>
            <full-stacktrace>
              <![CDATA[org.openqa.selenium.NoSuchElementException: An element could not be located on the page using the given search parameters.
For documentation on this error, please visit: https://www.seleniumhq.org/exceptions/no_such_element.html
Build info: version: '4.0.0-alpha-1', revision: 'd1d3728cae', time: '2019-04-24T13:42:21'
System info: host: 'DESKTOP-B0GBAAT', ip: '169.254.250.54', os.name: 'Windows 10', os.arch: 'amd64', os.version: '10.0', java.version: '1.8.0_191'
Driver info: io.appium.java_client.android.AndroidDriver
Capabilities {appActivity: com.ss.android.ugc.aweme.sp..., appPackage: com.zhiliaoapp.musically, automationName: uiAutomator2, databaseEnabled: false, desired: {appActivity: com.ss.android.ugc.aweme.sp..., appPackage: com.zhiliaoapp.musically, automationName: uiAutomator2, deviceName: emulator-5554, newCommandTimeout: 60, noReset: true, platformName: android}, deviceApiLevel: 25, deviceManufacturer: OnePlus, deviceModel: ONEPLUS A3010, deviceName: emulator-5554, deviceScreenDensity: 240, deviceScreenSize: 900x1600, deviceUDID: emulator-5554, javascriptEnabled: true, locationContextEnabled: false, networkConnectionEnabled: true, newCommandTimeout: 60, noReset: true, pixelRatio: 1.5, platform: LINUX, platformName: Android, platformVersion: 7.1.1, statBarHeight: 36, takesScreenshot: true, viewportRect: {height: 1564, left: 0, top: 36, width: 900}, warnings: {}, webStorageEnabled: false}
Session ID: abf74ca9-6af3-4715-a731-efc13071e5f4
*** Element info: {Using=xpath, value=//android.widget.ImageView[@bounds='[0,1599][900,1600]']}
at sun.reflect.NativeConstructorAccessorImpl.newInstance0(Native Method)
at sun.reflect.NativeConstructorAccessorImpl.newInstance(NativeConstructorAccessorImpl.java:62)
at sun.reflect.DelegatingConstructorAccessorImpl.newInstance(DelegatingConstructorAccessorImpl.java:45)
at java.lang.reflect.Constructor.newInstance(Constructor.java:423)
at org.openqa.selenium.remote.codec.w3c.W3CHttpResponseCodec.createException(W3CHttpResponseCodec.java:190)
at org.openqa.selenium.remote.codec.w3c.W3CHttpResponseCodec.decode(W3CHttpResponseCodec.java:124)
at org.openqa.selenium.remote.codec.w3c.W3CHttpResponseCodec.decode(W3CHttpResponseCodec.java:51)
at org.openqa.selenium.remote.HttpCommandExecutor.execute(HttpCommandExecutor.java:161)
at io.appium.java_client.remote.AppiumCommandExecutor.execute(AppiumCommandExecutor.java:239)
at org.openqa.selenium.remote.RemoteWebDriver.execute(RemoteWebDriver.java:577)
at org.openqa.selenium.remote.RemoteWebDriver.findElement(RemoteWebDriver.java:328)
at io.appium.java_client.DefaultGenericMobileDriver.findElement(DefaultGenericMobileDriver.java:61)
at io.appium.java_client.AppiumDriver.findElement(AppiumDriver.java:1)
at io.appium.java_client.android.AndroidDriver.findElement(AndroidDriver.java:1)
at org.openqa.selenium.remote.RemoteWebDriver.findElementByXPath(RemoteWebDriver.java:446)
at io.appium.java_client.DefaultGenericMobileDriver.findElementByXPath(DefaultGenericMobileDriver.java:151)
at io.appium.java_client.AppiumDriver.findElementByXPath(AppiumDriver.java:1)
at io.appium.java_client.android.AndroidDriver.findElementByXPath(AndroidDriver.java:1)
at tiktok.LoginTest.liking(LoginTest.java:125)
at sun.reflect.NativeMethodAccessorImpl.invoke0(Native Method)
at sun.reflect.NativeMethodAccessorImpl.invoke(NativeMethodAccessorImpl.java:62)
at sun.reflect.DelegatingMethodAccessorImpl.invoke(DelegatingMethodAccessorImpl.java:43)
at java.lang.reflect.Method.invoke(Method.java:498)
at org.testng.internal.MethodInvocationHelper.invokeMethod(MethodInvocationHelper.java:124)
at org.testng.internal.Invoker.invokeMethod(Invoker.java:583)
at org.testng.internal.Invoker.invokeTestMethod(Invoker.java:719)
at org.testng.internal.Invoker.invokeTestMethods(Invoker.java:989)
at org.testng.internal.TestMethodWorker.invokeTestMethods(TestMethodWorker.java:125)
at org.testng.internal.TestMethodWorker.run(TestMethodWorker.java:109)
at org.testng.TestRunner.privateRun(TestRunner.java:648)
at org.testng.TestRunner.run(TestRunner.java:505)
at org.testng.SuiteRunner.runTest(SuiteRunner.java:455)
at org.testng.SuiteRunner.runSequentially(SuiteRunner.java:450)
at org.testng.SuiteRunner.privateRun(SuiteRunner.java:415)
at org.testng.SuiteRunner.run(SuiteRunner.java:364)
at org.testng.SuiteRunnerWorker.runSuite(SuiteRunnerWorker.java:52)
at org.testng.SuiteRunnerWorker.run(SuiteRunnerWorker.java:84)
at org.testng.TestNG.runSuitesSequentially(TestNG.java:1208)
at org.testng.TestNG.runSuitesLocally(TestNG.java:1137)
at org.testng.TestNG.runSuites(TestNG.java:1049)
at org.testng.TestNG.run(TestNG.java:1017)
at org.testng.remote.AbstractRemoteTestNG.run(AbstractRemoteTestNG.java:115)
at org.testng.remote.RemoteTestNG.initAndRun(RemoteTestNG.java:251)
at org.testng.remote.RemoteTestNG.main(RemoteTestNG.java:77)
]]>
            </full-stacktrace>
          </exception> <!-- org.openqa.selenium.NoSuchElementException -->
          <reporter-output>
          </reporter-output>
        </test-method> <!-- liking -->
        <test-method status="PASS" signature="uninstallApp()[pri:0, instance:tiktok.LoginTest@1a968a59]" name="uninstallApp" is-config="true" duration-ms="0" started-at="2019-09-08T15:45:23Z" finished-at="2019-09-08T15:45:23Z">
          <reporter-output>
          </reporter-output>
        </test-method> <!-- uninstallApp -->
      </class> <!-- tiktok.LoginTest -->
    </test> <!-- Default test -->
  </suite> <!-- Default suite -->
</testng-results>
